<?xml version="1.0" encoding="UTF-8"?>
<testsuite name="MagicSquareTest" tests="2" skipped="0" failures="0" errors="0" timestamp="2022-11-21T10:13:53" hostname="LAPTOP-8AOQP413" time="0.004">
  <properties/>
  <testcase name="falseMagicSquareTest" classname="MagicSquareTest" time="0.003"/>
  <testcase name="trueMagicSquareTest" classname="MagicSquareTest" time="0.0"/>
  <system-out><![CDATA[]]></system-out>
  <system-err><![CDATA[]]></system-err>
</testsuite>
