<?xml version="1.0" encoding="UTF-8"?>
<testsuite name="InfectedTest" tests="2" skipped="0" failures="0" errors="0" timestamp="2022-11-21T10:12:43" hostname="LAPTOP-8AOQP413" time="0.003">
  <properties/>
  <testcase name="testAddInfected" classname="InfectedTest" time="0.002"/>
  <testcase name="testUpdateInfectedByRt" classname="InfectedTest" time="0.0"/>
  <system-out><![CDATA[]]></system-out>
  <system-err><![CDATA[]]></system-err>
</testsuite>
