<?xml version="1.0" encoding="UTF-8"?>
<testsuite name="it.unisa.SMS.SMSOrganizerTest" tests="2" skipped="0" failures="0" errors="0" timestamp="2022-11-21T10:14:21" hostname="LAPTOP-8AOQP413" time="0.007">
  <properties/>
  <testcase name="testListByDate" classname="it.unisa.SMS.SMSOrganizerTest" time="0.007"/>
  <testcase name="testListBySender" classname="it.unisa.SMS.SMSOrganizerTest" time="0.0"/>
  <system-out><![CDATA[]]></system-out>
  <system-err><![CDATA[]]></system-err>
</testsuite>
