<?xml version="1.0" encoding="UTF-8"?>
<testsuite name="it.unisa.bank.BankTest" tests="6" skipped="0" failures="0" errors="0" timestamp="2022-11-21T10:16:06" hostname="LAPTOP-8AOQP413" time="0.007">
  <properties/>
  <testcase name="transferTest" classname="it.unisa.bank.BankTest" time="0.004"/>
  <testcase name="findAccountTest" classname="it.unisa.bank.BankTest" time="0.0"/>
  <testcase name="setAndGetInterestsTest" classname="it.unisa.bank.BankTest" time="0.0"/>
  <testcase name="interestComputationTest" classname="it.unisa.bank.BankTest" time="0.0"/>
  <testcase name="depositTest" classname="it.unisa.bank.BankTest" time="0.0"/>
  <testcase name="withdrawTest" classname="it.unisa.bank.BankTest" time="0.0"/>
  <system-out><![CDATA[]]></system-out>
  <system-err><![CDATA[]]></system-err>
</testsuite>
