<?xml version="1.0" encoding="UTF-8"?>
<testsuite name="StudentTest" tests="2" skipped="0" failures="0" errors="0" timestamp="2022-10-12T11:02:47" hostname="LAPTOP-8AOQP413" time="0.008">
  <properties/>
  <testcase name="testRegisterExam" classname="StudentTest" time="0.007"/>
  <testcase name="testComputeAverageGrade" classname="StudentTest" time="0.0"/>
  <system-out><![CDATA[]]></system-out>
  <system-err><![CDATA[]]></system-err>
</testsuite>
