<?xml version="1.0" encoding="UTF-8"?>
<testsuite name="LockerTest" tests="3" skipped="0" failures="0" errors="0" timestamp="2022-10-14T09:53:30" hostname="LAPTOP-8AOQP413" time="0.009">
  <properties/>
  <testcase name="testLock" classname="LockerTest" time="0.008"/>
  <testcase name="testErrUnlock" classname="LockerTest" time="0.001"/>
  <testcase name="testUnlock" classname="LockerTest" time="0.0"/>
  <system-out><![CDATA[Codice impostato con successo!
La serratura Ã¨ stata chiusa
La serratura Ã¨ stata aperta
La serratura Ã¨ stata chiusa
Codice impostato con successo!
La serratura Ã¨ stata chiusa
Codice errato!!
Codice impostato con successo!
La serratura Ã¨ stata chiusa
La serratura Ã¨ stata aperta
]]></system-out>
  <system-err><![CDATA[]]></system-err>
</testsuite>
