<?xml version="1.0" encoding="UTF-8"?>
<testsuite name="VendingMachineTest" tests="3" skipped="0" failures="0" errors="0" timestamp="2022-11-21T10:12:27" hostname="LAPTOP-8AOQP413" time="0.005">
  <properties/>
  <testcase name="testTaketoken" classname="VendingMachineTest" time="0.004"/>
  <testcase name="testTakeCan" classname="VendingMachineTest" time="0.0"/>
  <testcase name="testAddCans" classname="VendingMachineTest" time="0.0"/>
  <system-out><![CDATA[]]></system-out>
  <system-err><![CDATA[]]></system-err>
</testsuite>
