<?xml version="1.0" encoding="UTF-8"?>
<testsuite name="it.unisa.railways.ExpressTrainTest" tests="1" skipped="0" failures="0" errors="0" timestamp="2022-11-21T10:15:57" hostname="LAPTOP-8AOQP413" time="0.008">
  <properties/>
  <testcase name="testSolution" classname="it.unisa.railways.ExpressTrainTest" time="0.008"/>
  <system-out><![CDATA[]]></system-out>
  <system-err><![CDATA[]]></system-err>
</testsuite>
