<?xml version="1.0" encoding="UTF-8"?>
<testsuite name="FirstAndLastWordTest" tests="2" skipped="0" failures="0" errors="0" timestamp="2022-10-13T17:47:57" hostname="LAPTOP-8AOQP413" time="0.004">
  <properties/>
  <testcase name="testSort" classname="FirstAndLastWordTest" time="0.004"/>
  <testcase name="testSortIgnoreCase" classname="FirstAndLastWordTest" time="0.0"/>
  <system-out><![CDATA[]]></system-out>
  <system-err><![CDATA[]]></system-err>
</testsuite>
