<?xml version="1.0" encoding="UTF-8"?>
<testsuite name="StudentTest" tests="2" skipped="0" failures="0" errors="0" timestamp="2022-10-14T09:52:50" hostname="LAPTOP-8AOQP413" time="0.006">
  <properties/>
  <testcase name="testRegisterExam" classname="StudentTest" time="0.005"/>
  <testcase name="testComputeAverageGrade" classname="StudentTest" time="0.001"/>
  <system-out><![CDATA[]]></system-out>
  <system-err><![CDATA[]]></system-err>
</testsuite>
