<?xml version="1.0" encoding="UTF-8"?>
<testsuite name="InputCheckerTest" tests="1" skipped="0" failures="0" errors="0" timestamp="2022-10-13T15:05:02" hostname="LAPTOP-8AOQP413" time="0.006">
  <properties/>
  <testcase name="testCheckInput" classname="InputCheckerTest" time="0.006"/>
  <system-out><![CDATA[]]></system-out>
  <system-err><![CDATA[]]></system-err>
</testsuite>
