<?xml version="1.0" encoding="UTF-8"?>
<testsuite name="it.unisa.company.EmployeeTest" tests="2" skipped="0" failures="0" errors="0" timestamp="2022-11-21T10:16:16" hostname="LAPTOP-8AOQP413" time="0.005">
  <properties/>
  <testcase name="setHourlyWageTest" classname="it.unisa.company.EmployeeTest" time="0.004"/>
  <testcase name="employerInitialWageTest" classname="it.unisa.company.EmployeeTest" time="0.0"/>
  <system-out><![CDATA[]]></system-out>
  <system-err><![CDATA[]]></system-err>
</testsuite>
