<?xml version="1.0" encoding="UTF-8"?>
<testsuite name="CarTest" tests="2" skipped="0" failures="0" errors="0" timestamp="2022-10-12T16:09:10" hostname="LAPTOP-8AOQP413" time="0.02">
  <properties/>
  <testcase name="testDrive" classname="CarTest" time="0.017"/>
  <testcase name="testAddGas" classname="CarTest" time="0.001"/>
  <system-out><![CDATA[]]></system-out>
  <system-err><![CDATA[]]></system-err>
</testsuite>
