<?xml version="1.0" encoding="UTF-8"?>
<testsuite name="PhoneCompanyTest" tests="1" skipped="0" failures="0" errors="0" timestamp="2022-11-21T10:14:01" hostname="LAPTOP-8AOQP413" time="0.015">
  <properties/>
  <testcase name="testSolution" classname="PhoneCompanyTest" time="0.015"/>
  <system-out><![CDATA[]]></system-out>
  <system-err><![CDATA[]]></system-err>
</testsuite>
