<?xml version="1.0" encoding="UTF-8"?>
<testsuite name="BankTest" tests="4" skipped="0" failures="0" errors="0" timestamp="2022-11-21T10:13:39" hostname="LAPTOP-8AOQP413" time="0.006">
  <properties/>
  <testcase name="transferTest" classname="BankTest" time="0.005"/>
  <testcase name="findAccountTest" classname="BankTest" time="0.0"/>
  <testcase name="depositTest" classname="BankTest" time="0.0"/>
  <testcase name="withdrawTest" classname="BankTest" time="0.0"/>
  <system-out><![CDATA[]]></system-out>
  <system-err><![CDATA[]]></system-err>
</testsuite>
